{
  "stats": {
    "suites": 1,
    "tests": 0,
    "passes": 0,
    "pending": 0,
    "failures": 0,
    "start": "2025-12-17T19:04:51.148Z",
    "end": "2025-12-17T19:05:01.802Z",
    "duration": 10654,
    "testsRegistered": 1,
    "passPercent": 0,
    "pendingPercent": 0,
    "other": 2,
    "hasOther": true,
    "skipped": 1,
    "hasSkipped": true
  },
  "results": [
    {
      "uuid": "1f902cd9-e4d6-4ead-8a00-407b941a150e",
      "title": "",
      "fullFile": "/Users/mar/Desktop/testingSeleniumJS/project/test/specs/login.test.js",
      "file": "/test/specs/login.test.js",
      "beforeHooks": [],
      "afterHooks": [],
      "tests": [],
      "suites": [
        {
          "uuid": "0f2e960f-a4a7-4815-a884-e32272b17b1b",
          "title": "Login Tests",
          "fullFile": "/Users/mar/Desktop/testingSeleniumJS/project/test/specs/login.test.js",
          "file": "/test/specs/login.test.js",
          "beforeHooks": [
            {
              "title": "\"before all\" hook for \"Login exitoso con credenciales válidas\"",
              "fullTitle": "Login Tests \"before all\" hook for \"Login exitoso con credenciales válidas\"",
              "timedOut": true,
              "duration": 10641,
              "state": "failed",
              "speed": null,
              "pass": false,
              "fail": true,
              "pending": false,
              "context": null,
              "code": "driver = await getDriver();\nloginPage = new LoginPage(driver);",
              "err": {
                "message": "Error: Timeout of 2000ms exceeded. For async tests and hooks, ensure \"done()\" is called; if returning a Promise, ensure it resolves. (/Users/mar/Desktop/testingSeleniumJS/project/test/specs/login.test.js)",
                "estack": "Error: Timeout of 2000ms exceeded. For async tests and hooks, ensure \"done()\" is called; if returning a Promise, ensure it resolves. (/Users/mar/Desktop/testingSeleniumJS/project/test/specs/login.test.js)\n    at listOnTimeout (node:internal/timers:605:17)\n    at process.processTimers (node:internal/timers:541:7)",
                "diff": null
              },
              "uuid": "301753dc-9794-4e50-871d-4dfe4ad85f5c",
              "parentUUID": "0f2e960f-a4a7-4815-a884-e32272b17b1b",
              "isHook": true,
              "skipped": false
            }
          ],
          "afterHooks": [
            {
              "title": "\"after all\" hook for \"Login exitoso con credenciales válidas\"",
              "fullTitle": "Login Tests \"after all\" hook for \"Login exitoso con credenciales válidas\"",
              "timedOut": false,
              "duration": 1,
              "state": "failed",
              "speed": null,
              "pass": false,
              "fail": true,
              "pending": false,
              "context": null,
              "code": "await driver.quit();",
              "err": {
                "message": "TypeError: Cannot read properties of undefined (reading 'quit')",
                "estack": "TypeError: Cannot read properties of undefined (reading 'quit')\n    at Context.<anonymous> (test/specs/login.test.js:15:18)\n    at process.processImmediate (node:internal/timers:504:21)",
                "diff": null
              },
              "uuid": "94b443d3-9aa2-4356-95e9-a2fbb3dbd387",
              "parentUUID": "0f2e960f-a4a7-4815-a884-e32272b17b1b",
              "isHook": true,
              "skipped": false
            }
          ],
          "tests": [
            {
              "title": "Login exitoso con credenciales válidas",
              "fullTitle": "Login Tests Login exitoso con credenciales válidas",
              "timedOut": false,
              "duration": 0,
              "state": null,
              "speed": null,
              "pass": false,
              "fail": false,
              "pending": false,
              "context": null,
              "code": "await loginPage.open();\nawait loginPage.login('Admin', 'admin123');\nconst url = await driver.getCurrentUrl();\nexpect(url).to.include('dashboard');",
              "err": {},
              "uuid": "086bafdb-203a-455e-a41e-5618d07e29a8",
              "parentUUID": "0f2e960f-a4a7-4815-a884-e32272b17b1b",
              "isHook": false,
              "skipped": true
            }
          ],
          "suites": [],
          "passes": [],
          "failures": [],
          "pending": [],
          "skipped": [
            "086bafdb-203a-455e-a41e-5618d07e29a8"
          ],
          "duration": 0,
          "root": false,
          "rootEmpty": false,
          "_timeout": 2000
        }
      ],
      "passes": [],
      "failures": [],
      "pending": [],
      "skipped": [],
      "duration": 0,
      "root": true,
      "rootEmpty": true,
      "_timeout": 2000
    }
  ],
  "meta": {
    "mocha": {
      "version": "11.7.5"
    },
    "mochawesome": {
      "options": {
        "quiet": false,
        "reportFilename": "mochawesome",
        "saveHtml": true,
        "saveJson": true,
        "consoleReporter": "spec",
        "useInlineDiffs": false,
        "code": true
      },
      "version": "7.1.4"
    },
    "marge": {
      "options": null,
      "version": "6.3.2"
    }
  }
}