{
  "stats": {
    "suites": 1,
    "tests": 1,
    "passes": 1,
    "pending": 0,
    "failures": 0,
    "start": "2026-01-08T17:06:57.817Z",
    "end": "2026-01-08T17:07:06.511Z",
    "duration": 8694,
    "testsRegistered": 1,
    "passPercent": 100,
    "pendingPercent": 0,
    "other": 0,
    "hasOther": false,
    "skipped": 0,
    "hasSkipped": false
  },
  "results": [
    {
      "uuid": "708f8288-f0e4-4996-b3ff-bd3796caae65",
      "title": "",
      "fullFile": "/Users/mar/Desktop/testingSeleniumJS/project/test/specs/login.test.js",
      "file": "/test/specs/login.test.js",
      "beforeHooks": [],
      "afterHooks": [],
      "tests": [],
      "suites": [
        {
          "uuid": "8264354d-6be6-43e3-b40c-ee29a695e4aa",
          "title": "Login Tests",
          "fullFile": "/Users/mar/Desktop/testingSeleniumJS/project/test/specs/login.test.js",
          "file": "/test/specs/login.test.js",
          "beforeHooks": [
            {
              "title": "\"before each\" hook in \"Login Tests\"",
              "fullTitle": "Login Tests \"before each\" hook in \"Login Tests\"",
              "timedOut": false,
              "duration": 3259,
              "state": null,
              "speed": null,
              "pass": false,
              "fail": false,
              "pending": false,
              "context": null,
              "code": "driver = await getDriver();\nloginPage = new LoginPage(driver);",
              "err": {},
              "uuid": "b17d1edd-a85f-47ac-8317-c84ad4f37b0a",
              "parentUUID": "8264354d-6be6-43e3-b40c-ee29a695e4aa",
              "isHook": true,
              "skipped": false
            }
          ],
          "afterHooks": [
            {
              "title": "\"after each\" hook in \"Login Tests\"",
              "fullTitle": "Login Tests \"after each\" hook in \"Login Tests\"",
              "timedOut": false,
              "duration": 108,
              "state": null,
              "speed": null,
              "pass": false,
              "fail": false,
              "pending": false,
              "context": null,
              "code": "if (driver){\n  await driver.quit();\n}",
              "err": {},
              "uuid": "a014fe5d-bdde-4c65-aacc-ad8d3e536e42",
              "parentUUID": "8264354d-6be6-43e3-b40c-ee29a695e4aa",
              "isHook": true,
              "skipped": false
            }
          ],
          "tests": [
            {
              "title": "Successful login with valid credentials",
              "fullTitle": "Login Tests Successful login with valid credentials",
              "timedOut": false,
              "duration": 5314,
              "state": "passed",
              "speed": "slow",
              "pass": true,
              "fail": false,
              "pending": false,
              "context": null,
              "code": "await loginPage.open();\nawait loginPage.login('Admin', 'admin123');\nconst url = await driver.getCurrentUrl();\nexpect(url).to.include('dashboard');",
              "err": {},
              "uuid": "620159d4-7a77-4883-b5c4-6eed444313c6",
              "parentUUID": "8264354d-6be6-43e3-b40c-ee29a695e4aa",
              "isHook": false,
              "skipped": false
            }
          ],
          "suites": [],
          "passes": [
            "620159d4-7a77-4883-b5c4-6eed444313c6"
          ],
          "failures": [],
          "pending": [],
          "skipped": [],
          "duration": 5314,
          "root": false,
          "rootEmpty": false,
          "_timeout": 30000
        }
      ],
      "passes": [],
      "failures": [],
      "pending": [],
      "skipped": [],
      "duration": 0,
      "root": true,
      "rootEmpty": true,
      "_timeout": 2000
    }
  ],
  "meta": {
    "mocha": {
      "version": "11.7.5"
    },
    "mochawesome": {
      "options": {
        "quiet": false,
        "reportFilename": "mochawesome",
        "saveHtml": true,
        "saveJson": true,
        "consoleReporter": "spec",
        "useInlineDiffs": false,
        "code": true
      },
      "version": "7.1.4"
    },
    "marge": {
      "options": null,
      "version": "6.3.2"
    }
  }
}